2014-07-24 16:55:07 [main] 412::: INFO  org.springframework.context.support.AbstractApplicationContext - Refreshing org.springframework.context.support.ClassPathXmlApplicationContext@1cb25f1: display name [org.springframework.context.support.ClassPathXmlApplicationContext@1cb25f1]; startup date [Thu Jul 24 16:55:07 CST 2014]; root of context hierarchy
2014-07-24 16:55:08 [main] 323::: INFO  org.springframework.beans.factory.xml.XmlBeanDefinitionReader - Loading XML bean definitions from class path resource [applicationContext.xml]
2014-07-24 16:55:08 [main] 323::: INFO  org.springframework.beans.factory.xml.XmlBeanDefinitionReader - Loading XML bean definitions from class path resource [gs-handlers.xml]
2014-07-24 16:55:08 [main] 427::: INFO  org.springframework.context.support.AbstractApplicationContext - Bean factory for application context [org.springframework.context.support.ClassPathXmlApplicationContext@1cb25f1]: org.springframework.beans.factory.support.DefaultListableBeanFactory@497934
2014-07-24 16:55:08 [main] 414::: INFO  org.springframework.beans.factory.support.DefaultListableBeanFactory - Pre-instantiating singletons in org.springframework.beans.factory.support.DefaultListableBeanFactory@497934: defining beans [handler100,org.springframework.aop.config.internalAutoProxyCreator]; root of factory hierarchy
2014-07-24 16:55:08 [main] 399::: INFO  org.springframework.beans.factory.support.DefaultSingletonBeanRegistry - Destroying singletons in org.springframework.beans.factory.support.DefaultListableBeanFactory@497934: defining beans [handler100,org.springframework.aop.config.internalAutoProxyCreator]; root of factory hierarchy
2014-07-24 16:57:00 [main] 412::: INFO  org.springframework.context.support.AbstractApplicationContext - Refreshing org.springframework.context.support.ClassPathXmlApplicationContext@1786e64: display name [org.springframework.context.support.ClassPathXmlApplicationContext@1786e64]; startup date [Thu Jul 24 16:57:00 CST 2014]; root of context hierarchy
2014-07-24 16:57:00 [main] 323::: INFO  org.springframework.beans.factory.xml.XmlBeanDefinitionReader - Loading XML bean definitions from class path resource [applicationContext.xml]
2014-07-24 16:57:00 [main] 323::: INFO  org.springframework.beans.factory.xml.XmlBeanDefinitionReader - Loading XML bean definitions from class path resource [gs-handlers.xml]
2014-07-24 16:57:00 [main] 427::: INFO  org.springframework.context.support.AbstractApplicationContext - Bean factory for application context [org.springframework.context.support.ClassPathXmlApplicationContext@1786e64]: org.springframework.beans.factory.support.DefaultListableBeanFactory@f4f44a
2014-07-24 16:57:00 [main] 414::: INFO  org.springframework.beans.factory.support.DefaultListableBeanFactory - Pre-instantiating singletons in org.springframework.beans.factory.support.DefaultListableBeanFactory@f4f44a: defining beans [handler100,org.springframework.aop.config.internalAutoProxyCreator]; root of factory hierarchy
2014-07-24 16:57:00 [main] 399::: INFO  org.springframework.beans.factory.support.DefaultSingletonBeanRegistry - Destroying singletons in org.springframework.beans.factory.support.DefaultListableBeanFactory@f4f44a: defining beans [handler100,org.springframework.aop.config.internalAutoProxyCreator]; root of factory hierarchy
2014-07-24 16:58:23 [main] 412::: INFO  org.springframework.context.support.AbstractApplicationContext - Refreshing org.springframework.context.support.ClassPathXmlApplicationContext@535b58: display name [org.springframework.context.support.ClassPathXmlApplicationContext@535b58]; startup date [Thu Jul 24 16:58:23 CST 2014]; root of context hierarchy
2014-07-24 16:58:23 [main] 323::: INFO  org.springframework.beans.factory.xml.XmlBeanDefinitionReader - Loading XML bean definitions from class path resource [gs-handlers.xml]
2014-07-24 16:58:23 [main] 427::: INFO  org.springframework.context.support.AbstractApplicationContext - Bean factory for application context [org.springframework.context.support.ClassPathXmlApplicationContext@535b58]: org.springframework.beans.factory.support.DefaultListableBeanFactory@4fce71
2014-07-24 16:58:23 [main] 414::: INFO  org.springframework.beans.factory.support.DefaultListableBeanFactory - Pre-instantiating singletons in org.springframework.beans.factory.support.DefaultListableBeanFactory@4fce71: defining beans [handler100]; root of factory hierarchy
2014-07-24 16:58:23 [main] 58::: INFO  com.gameserver.ServerMain - ============Server Startup OK============
2014-07-24 16:59:13 [main] 412::: INFO  org.springframework.context.support.AbstractApplicationContext - Refreshing org.springframework.context.support.ClassPathXmlApplicationContext@1cb25f1: display name [org.springframework.context.support.ClassPathXmlApplicationContext@1cb25f1]; startup date [Thu Jul 24 16:59:13 CST 2014]; root of context hierarchy
2014-07-24 16:59:13 [main] 323::: INFO  org.springframework.beans.factory.xml.XmlBeanDefinitionReader - Loading XML bean definitions from class path resource [applicationContext.xml]
2014-07-24 16:59:43 [main] 412::: INFO  org.springframework.context.support.AbstractApplicationContext - Refreshing org.springframework.context.support.ClassPathXmlApplicationContext@197a37c: display name [org.springframework.context.support.ClassPathXmlApplicationContext@197a37c]; startup date [Thu Jul 24 16:59:43 CST 2014]; root of context hierarchy
2014-07-24 16:59:43 [main] 323::: INFO  org.springframework.beans.factory.xml.XmlBeanDefinitionReader - Loading XML bean definitions from class path resource [gs-handlers.xml]
2014-07-24 16:59:43 [main] 427::: INFO  org.springframework.context.support.AbstractApplicationContext - Bean factory for application context [org.springframework.context.support.ClassPathXmlApplicationContext@197a37c]: org.springframework.beans.factory.support.DefaultListableBeanFactory@5a9de6
2014-07-24 16:59:43 [main] 414::: INFO  org.springframework.beans.factory.support.DefaultListableBeanFactory - Pre-instantiating singletons in org.springframework.beans.factory.support.DefaultListableBeanFactory@5a9de6: defining beans [handler100]; root of factory hierarchy
2014-07-24 16:59:43 [main] 58::: INFO  com.gameserver.ServerMain - ============Server Startup OK============
2014-07-24 17:00:27 [main] 412::: INFO  org.springframework.context.support.AbstractApplicationContext - Refreshing org.springframework.context.support.ClassPathXmlApplicationContext@1cb25f1: display name [org.springframework.context.support.ClassPathXmlApplicationContext@1cb25f1]; startup date [Thu Jul 24 17:00:27 CST 2014]; root of context hierarchy
2014-07-24 17:00:27 [main] 323::: INFO  org.springframework.beans.factory.xml.XmlBeanDefinitionReader - Loading XML bean definitions from class path resource [gs-handlers.xml]
2014-07-24 17:00:27 [main] 427::: INFO  org.springframework.context.support.AbstractApplicationContext - Bean factory for application context [org.springframework.context.support.ClassPathXmlApplicationContext@1cb25f1]: org.springframework.beans.factory.support.DefaultListableBeanFactory@1d6776d
2014-07-24 17:00:27 [main] 414::: INFO  org.springframework.beans.factory.support.DefaultListableBeanFactory - Pre-instantiating singletons in org.springframework.beans.factory.support.DefaultListableBeanFactory@1d6776d: defining beans [handler100]; root of factory hierarchy
2014-07-24 17:00:27 [main] 58::: INFO  com.gameserver.ServerMain - ============Server Startup OK============
2014-07-24 17:00:41 [New I/O  worker #1] 123::: INFO  com.gameserver.ServerHandler - 连接已关闭[id: 0x00a761fe, /127.0.0.1:59137 :> /127.0.0.1:8081]
2014-07-24 17:02:45 [main] 412::: INFO  org.springframework.context.support.AbstractApplicationContext - Refreshing org.springframework.context.support.ClassPathXmlApplicationContext@18385e3: display name [org.springframework.context.support.ClassPathXmlApplicationContext@18385e3]; startup date [Thu Jul 24 17:02:45 CST 2014]; root of context hierarchy
2014-07-24 17:02:45 [main] 323::: INFO  org.springframework.beans.factory.xml.XmlBeanDefinitionReader - Loading XML bean definitions from class path resource [gs-handlers.xml]
2014-07-24 17:02:45 [main] 427::: INFO  org.springframework.context.support.AbstractApplicationContext - Bean factory for application context [org.springframework.context.support.ClassPathXmlApplicationContext@18385e3]: org.springframework.beans.factory.support.DefaultListableBeanFactory@1c9a690
2014-07-24 17:02:45 [main] 414::: INFO  org.springframework.beans.factory.support.DefaultListableBeanFactory - Pre-instantiating singletons in org.springframework.beans.factory.support.DefaultListableBeanFactory@1c9a690: defining beans [handler100]; root of factory hierarchy
2014-07-24 17:02:45 [main] 58::: INFO  com.gameserver.ServerMain - ============Server Startup OK============
2014-07-24 17:03:15 [main] 412::: INFO  org.springframework.context.support.AbstractApplicationContext - Refreshing org.springframework.context.support.ClassPathXmlApplicationContext@2808b3: display name [org.springframework.context.support.ClassPathXmlApplicationContext@2808b3]; startup date [Thu Jul 24 17:03:15 CST 2014]; root of context hierarchy
2014-07-24 17:03:15 [main] 323::: INFO  org.springframework.beans.factory.xml.XmlBeanDefinitionReader - Loading XML bean definitions from class path resource [gs-handlers.xml]
2014-07-24 17:03:15 [main] 427::: INFO  org.springframework.context.support.AbstractApplicationContext - Bean factory for application context [org.springframework.context.support.ClassPathXmlApplicationContext@2808b3]: org.springframework.beans.factory.support.DefaultListableBeanFactory@13ad085
2014-07-24 17:03:15 [main] 414::: INFO  org.springframework.beans.factory.support.DefaultListableBeanFactory - Pre-instantiating singletons in org.springframework.beans.factory.support.DefaultListableBeanFactory@13ad085: defining beans [handler100]; root of factory hierarchy
2014-07-24 17:03:15 [main] 58::: INFO  com.gameserver.ServerMain - ============Server Startup OK============
2014-07-24 17:08:40 [main] 412::: INFO  org.springframework.context.support.AbstractApplicationContext - Refreshing org.springframework.context.support.ClassPathXmlApplicationContext@2808b3: display name [org.springframework.context.support.ClassPathXmlApplicationContext@2808b3]; startup date [Thu Jul 24 17:08:40 CST 2014]; root of context hierarchy
2014-07-24 17:08:40 [main] 323::: INFO  org.springframework.beans.factory.xml.XmlBeanDefinitionReader - Loading XML bean definitions from class path resource [gs-handlers.xml]
2014-07-24 17:08:40 [main] 427::: INFO  org.springframework.context.support.AbstractApplicationContext - Bean factory for application context [org.springframework.context.support.ClassPathXmlApplicationContext@2808b3]: org.springframework.beans.factory.support.DefaultListableBeanFactory@13ad085
2014-07-24 17:08:40 [main] 414::: INFO  org.springframework.beans.factory.support.DefaultListableBeanFactory - Pre-instantiating singletons in org.springframework.beans.factory.support.DefaultListableBeanFactory@13ad085: defining beans [handler100]; root of factory hierarchy
2014-07-24 17:08:40 [main] 58::: INFO  com.gameserver.ServerMain - ============Server Startup OK============
2014-07-24 17:09:56 [main] 412::: INFO  org.springframework.context.support.AbstractApplicationContext - Refreshing org.springframework.context.support.ClassPathXmlApplicationContext@4413ee: display name [org.springframework.context.support.ClassPathXmlApplicationContext@4413ee]; startup date [Thu Jul 24 17:09:56 CST 2014]; root of context hierarchy
2014-07-24 17:09:56 [main] 323::: INFO  org.springframework.beans.factory.xml.XmlBeanDefinitionReader - Loading XML bean definitions from class path resource [gs-handlers.xml]
2014-07-24 17:09:56 [main] 427::: INFO  org.springframework.context.support.AbstractApplicationContext - Bean factory for application context [org.springframework.context.support.ClassPathXmlApplicationContext@4413ee]: org.springframework.beans.factory.support.DefaultListableBeanFactory@12d263f
2014-07-24 17:09:56 [main] 414::: INFO  org.springframework.beans.factory.support.DefaultListableBeanFactory - Pre-instantiating singletons in org.springframework.beans.factory.support.DefaultListableBeanFactory@12d263f: defining beans [handler100]; root of factory hierarchy
2014-07-24 17:09:56 [main] 58::: INFO  com.gameserver.ServerMain - ============Server Startup OK============
2014-07-24 17:11:00 [main] 412::: INFO  org.springframework.context.support.AbstractApplicationContext - Refreshing org.springframework.context.support.ClassPathXmlApplicationContext@1cb25f1: display name [org.springframework.context.support.ClassPathXmlApplicationContext@1cb25f1]; startup date [Thu Jul 24 17:11:00 CST 2014]; root of context hierarchy
2014-07-24 17:11:00 [main] 323::: INFO  org.springframework.beans.factory.xml.XmlBeanDefinitionReader - Loading XML bean definitions from class path resource [gs-handlers.xml]
2014-07-24 17:11:00 [main] 427::: INFO  org.springframework.context.support.AbstractApplicationContext - Bean factory for application context [org.springframework.context.support.ClassPathXmlApplicationContext@1cb25f1]: org.springframework.beans.factory.support.DefaultListableBeanFactory@1d6776d
2014-07-24 17:11:00 [main] 414::: INFO  org.springframework.beans.factory.support.DefaultListableBeanFactory - Pre-instantiating singletons in org.springframework.beans.factory.support.DefaultListableBeanFactory@1d6776d: defining beans [handler100]; root of factory hierarchy
2014-07-24 17:11:00 [main] 58::: INFO  com.gameserver.ServerMain - ============Server Startup OK============
2014-07-24 17:11:40 [main] 412::: INFO  org.springframework.context.support.AbstractApplicationContext - Refreshing org.springframework.context.support.ClassPathXmlApplicationContext@18385e3: display name [org.springframework.context.support.ClassPathXmlApplicationContext@18385e3]; startup date [Thu Jul 24 17:11:40 CST 2014]; root of context hierarchy
2014-07-24 17:11:40 [main] 323::: INFO  org.springframework.beans.factory.xml.XmlBeanDefinitionReader - Loading XML bean definitions from class path resource [gs-handlers.xml]
2014-07-24 17:11:40 [main] 427::: INFO  org.springframework.context.support.AbstractApplicationContext - Bean factory for application context [org.springframework.context.support.ClassPathXmlApplicationContext@18385e3]: org.springframework.beans.factory.support.DefaultListableBeanFactory@1c9a690
2014-07-24 17:11:40 [main] 414::: INFO  org.springframework.beans.factory.support.DefaultListableBeanFactory - Pre-instantiating singletons in org.springframework.beans.factory.support.DefaultListableBeanFactory@1c9a690: defining beans [handler100]; root of factory hierarchy
2014-07-24 17:11:40 [main] 58::: INFO  com.gameserver.ServerMain - ============Server Startup OK============
